<?xml version="1.0" encoding="UTF-8"?>
<testng-results ignored="0" total="1" passed="1" failed="0" skipped="0">
  <reporter-output>
  </reporter-output>
  <suite started-at="2023-09-23T00:54:57 PDT" name="Default suite" finished-at="2023-09-23T00:55:06 PDT" duration-ms="9054">
    <groups>
    </groups>
    <test started-at="2023-09-23T00:54:57 PDT" name="Default test" finished-at="2023-09-23T00:55:06 PDT" duration-ms="9054">
      <class name="assertion.Almosafer">
        <test-method is-config="true" signature="myBeforeTest()[pri:0, instance:assertion.Almosafer@6f8d7714]" started-at="2023-09-23T00:54:57 PDT" name="myBeforeTest" finished-at="2023-09-23T00:55:05 PDT" duration-ms="8494" status="PASS">
          <reporter-output>
          </reporter-output>
        </test-method> <!-- myBeforeTest -->
        <test-method signature="myTest()[pri:0, instance:assertion.Almosafer@6f8d7714]" started-at="2023-09-23T00:55:05 PDT" name="myTest" finished-at="2023-09-23T00:55:05 PDT" duration-ms="216" status="PASS">
          <reporter-output>
          </reporter-output>
        </test-method> <!-- myTest -->
        <test-method is-config="true" signature="myAfterTest()[pri:0, instance:assertion.Almosafer@6f8d7714]" started-at="2023-09-23T00:55:05 PDT" name="myAfterTest" finished-at="2023-09-23T00:55:06 PDT" duration-ms="279" status="PASS">
          <reporter-output>
          </reporter-output>
        </test-method> <!-- myAfterTest -->
      </class> <!-- assertion.Almosafer -->
    </test> <!-- Default test -->
  </suite> <!-- Default suite -->
</testng-results>
